{
  "RSpec": {
    "coverage": {
      "/usr/src/app/app/services/geolocations/presenter.rb": {
        "lines": [
          1,
          1,
          1,
          null,
          1,
          1,
          null,
          1,
          null,
          1,
          null,
          1,
          8,
          null,
          8,
          null,
          6,
          6,
          null,
          null,
          null,
          1,
          null,
          6,
          null,
          6,
          null,
          3,
          null,
          2,
          null,
          null,
          null,
          null,
          0,
          null,
          null,
          null
        ]
      },
      "/usr/src/app/app/services/application_service.rb": {
        "lines": [
          1,
          1,
          1,
          null,
          1,
          14,
          null,
          null,
          1,
          2,
          2,
          2,
          null,
          2,
          null,
          null,
          1,
          3,
          null,
          3,
          null,
          null
        ]
      },
      "/usr/src/app/lib/exceptions.rb": {
        "lines": [
          1,
          1,
          1,
          0,
          null,
          null,
          null,
          1,
          1,
          0,
          null,
          null,
          null,
          1,
          1,
          0,
          null,
          null,
          null,
          1,
          1,
          0,
          null,
          null,
          null,
          1,
          1,
          0,
          null,
          null,
          null,
          1,
          1,
          0,
          null,
          null,
          1,
          1,
          0,
          null,
          null,
          null,
          1,
          1,
          0,
          null,
          null,
          null,
          1,
          1,
          0,
          null,
          null,
          null,
          null,
          1,
          null,
          null,
          null,
          null,
          null,
          null,
          null,
          null,
          null
        ]
      },
      "/usr/src/app/app/services/external_api_caller.rb": {
        "lines": [
          1,
          1,
          null,
          1,
          1,
          null,
          1,
          null,
          1,
          null,
          1,
          0,
          null,
          null,
          1,
          null,
          0,
          null,
          0,
          null,
          0,
          null,
          0,
          null,
          0,
          null,
          0,
          null,
          0,
          null,
          0,
          null,
          0,
          null,
          0,
          null,
          0,
          null,
          0,
          0,
          null,
          0,
          null,
          null,
          null,
          1,
          0,
          null,
          null,
          null,
          null,
          null,
          null,
          null,
          null
        ]
      },
      "/usr/src/app/app/models/geolocation.rb": {
        "lines": [
          1,
          null,
          null,
          null,
          null,
          null,
          null,
          null,
          null,
          null,
          null,
          null,
          null,
          null,
          null,
          null,
          null,
          null,
          null,
          null,
          1,
          1,
          null,
          null,
          null,
          null,
          null,
          null,
          null,
          null,
          null,
          null,
          null,
          null,
          null,
          null,
          null,
          null,
          null,
          null,
          null,
          null,
          null,
          null,
          null,
          null,
          null,
          null,
          null,
          1,
          0,
          0,
          null,
          null,
          null
        ]
      },
      "/usr/src/app/app/models/application_record.rb": {
        "lines": [
          1,
          1,
          null
        ]
      },
      "/usr/src/app/app/contracts/geolocation_contract.rb": {
        "lines": [
          1,
          1,
          1,
          1,
          null,
          null,
          1,
          6,
          null,
          null
        ]
      },
      "/usr/src/app/app/contracts/application_contract.rb": {
        "lines": [
          1,
          1,
          null
        ]
      }
    },
    "timestamp": 1646049402
  }
}
